[debug] > Exec(early(addDefaultCommands), None, None)
[debug] > Exec(addDefaultCommands, None, None)
[debug] > Exec(early(initialize), None, None)
[debug] > Exec(initialize, None, None)
[debug] > Exec(boot, None, None)
[debug] > Exec(writeSbtVersion, None, None)
[debug] > Exec(reload, None, None)
[debug] > Exec(sbtStashOnFailure, None, None)
[debug] > Exec(onFailure loadFailed, None, None)
[debug] > Exec(loadp, None, None)
[info] welcome to sbt 1.8.3 (Oracle Corporation Java 17.0.3)
[debug] Load.defaultLoad until apply took 63.131777ms
[debug]           Load.loadUnit: plugins took 52.919842ms
[debug]           Load.loadUnit: defsScala took 0.283767ms
[debug] [Loading] Scanning directory /home/ryan/IdeaProjects/sma/project
[debug] [Loading] Found non-root projects 
[debug] [Loading] Done in /home/ryan/IdeaProjects/sma/project, returning: ()
[debug] deducing auto plugins based on known facts Set(Atom(sbt.plugins.CorePlugin)) and clauses Clauses(Clause(Atom(sbt.plugins.JvmPlugin),Set(Atom(sbt.plugins.IvyPlugin)))
[debug] Clause(Atom(sbt.ScriptedPlugin),Set(Atom(sbt.plugins.JvmPlugin)))
[debug] Clause(Atom(sbt.plugins.SbtPlugin),Set(Atom(sbt.ScriptedPlugin)))
[debug] Clause(Atom(sbt.plugins.SemanticdbPlugin),Set(Atom(sbt.plugins.JvmPlugin)))
[debug] Clause(Atom(sbt.plugins.JUnitXmlReportPlugin),Set(Atom(sbt.plugins.JvmPlugin)))
[debug] Clause(Atom(sbt.plugins.MiniDependencyTreePlugin),Set(Atom(sbt.plugins.JvmPlugin)))
[debug] Clause(Atom(sbt.plugins.CorePlugin),Set(Atom(sbt.plugins.IvyPlugin)))
[debug] Clause(Atom(sbt.plugins.IvyPlugin),Set(Atom(sbt.plugins.JvmPlugin)))
[debug] Clause(Atom(sbt.plugins.JvmPlugin),Set(Atom(sbt.plugins.SemanticdbPlugin)))
[debug] Clause(Atom(sbt.plugins.JvmPlugin),Set(Atom(sbt.plugins.JUnitXmlReportPlugin)))
[debug] Clause(Atom(sbt.plugins.CorePlugin),Set(Atom(sbt.plugins.Giter8TemplatePlugin)))
[debug] Clause(Atom(sbt.plugins.JvmPlugin),Set(Atom(sbt.plugins.MiniDependencyTreePlugin))))
[debug]   :: deduced result: Matched(sbt.plugins.CorePlugin,sbt.plugins.Giter8TemplatePlugin,sbt.plugins.IvyPlugin,sbt.plugins.JvmPlugin,sbt.plugins.MiniDependencyTreePlugin,sbt.plugins.JUnitXmlReportPlugin,sbt.plugins.SemanticdbPlugin)
[debug] Plugins.deducer#function took 17.836017 ms
[debug]               Load.resolveProject(sma-build) took 44.507664ms
[debug]             Load.loadTransitive: finalizeProject(Project(id sma-build, base: /home/ryan/IdeaProjects/sma/project, plugins: List(<none>))) took 79.631438ms
[debug] [Loading] Done in /home/ryan/IdeaProjects/sma/project, returning: (sma-build)
[debug]           Load.loadUnit: loadedProjectsRaw took 99.198138ms
[debug]           Load.loadUnit: cleanEvalClasses took 0.252688ms
[debug]         Load.loadUnit(file:/home/ryan/IdeaProjects/sma/project/, ...) took 159.138559ms
[debug]       Load.apply: load took 336.591273ms
[debug]       Load.apply: resolveProjects took 7.354003ms
[debug]       Load.apply: finalTransforms took 62.244156ms
[debug]       Load.apply: config.delegates took 6.408554ms
[debug]       Load.apply: Def.make(settings)... took 325.926134ms
[debug]       Load.apply: structureIndex took 93.693269ms
[debug]       Load.apply: mkStreams took 1.490007ms
[info] loading project definition from /home/ryan/IdeaProjects/sma/project
[debug] Running task... Cancel: Signal, check cycles: false, forcegc: true
[debug]     Load.loadUnit: plugins took 1545.637393ms
[debug]     Load.loadUnit: defsScala took 0.005378ms
[debug] [Loading] Scanning directory /home/ryan/IdeaProjects/sma
[debug]       Load.loadUnit: mkEval took 4.490276ms
[debug] [Loading] Found root project root w/ remaining 
[debug] deducing auto plugins based on known facts Set(Atom(sbt.plugins.CorePlugin)) and clauses Clauses(Clause(Atom(sbt.plugins.JvmPlugin),Set(Atom(sbt.plugins.IvyPlugin)))
[debug] Clause(Atom(sbt.ScriptedPlugin),Set(Atom(sbt.plugins.JvmPlugin)))
[debug] Clause(Atom(sbt.plugins.SbtPlugin),Set(Atom(sbt.ScriptedPlugin)))
[debug] Clause(Atom(sbt.plugins.SemanticdbPlugin),Set(Atom(sbt.plugins.JvmPlugin)))
[debug] Clause(Atom(sbt.plugins.JUnitXmlReportPlugin),Set(Atom(sbt.plugins.JvmPlugin)))
[debug] Clause(Atom(sbt.plugins.MiniDependencyTreePlugin),Set(Atom(sbt.plugins.JvmPlugin)))
[debug] Clause(Atom(sbt.plugins.CorePlugin),Set(Atom(sbt.plugins.IvyPlugin)))
[debug] Clause(Atom(sbt.plugins.IvyPlugin),Set(Atom(sbt.plugins.JvmPlugin)))
[debug] Clause(Atom(sbt.plugins.JvmPlugin),Set(Atom(sbt.plugins.SemanticdbPlugin)))
[debug] Clause(Atom(sbt.plugins.JvmPlugin),Set(Atom(sbt.plugins.JUnitXmlReportPlugin)))
[debug] Clause(Atom(sbt.plugins.CorePlugin),Set(Atom(sbt.plugins.Giter8TemplatePlugin)))
[debug] Clause(Atom(sbt.plugins.JvmPlugin),Set(Atom(sbt.plugins.MiniDependencyTreePlugin))))
[debug]   :: deduced result: Matched(sbt.plugins.CorePlugin,sbt.plugins.Giter8TemplatePlugin,sbt.plugins.IvyPlugin,sbt.plugins.JvmPlugin,sbt.plugins.MiniDependencyTreePlugin,sbt.plugins.JUnitXmlReportPlugin,sbt.plugins.SemanticdbPlugin)
[debug] Plugins.deducer#function took 1.377981 ms
[info] loading settings for project root from build.sbt ...
[debug]         Load.resolveProject(root) took 2.175506ms
[debug]       Load.loadTransitive: finalizeProject(Project(id root, base: /home/ryan/IdeaProjects/sma, plugins: List(<none>))) took 4.760703ms
[debug] [Loading] Done in /home/ryan/IdeaProjects/sma, returning: (root)
[debug]     Load.loadUnit: loadedProjectsRaw took 2031.125118ms
[debug]     Load.loadUnit: cleanEvalClasses took 3.409961ms
[debug]   Load.loadUnit(file:/home/ryan/IdeaProjects/sma/, ...) took 3581.555062ms
[debug] Load.apply: load took 3596.9698ms
[debug] Load.apply: resolveProjects took 0.131652ms
[debug] Load.apply: finalTransforms took 10.654034ms
[debug] Load.apply: config.delegates took 0.378054ms
[debug] Load.apply: Def.make(settings)... took 69.579302ms
[debug] Load.apply: structureIndex took 26.610955ms
[debug] Load.apply: mkStreams took 0.003841ms
[info] set current project to sma (in build file:/home/ryan/IdeaProjects/sma/)
[debug] > Exec(sbtPopOnFailure, None, None)
[debug] > Exec(resumeFromFailure, None, None)
[debug] > Exec(notifyUsersAboutShell, None, None)
[debug] > Exec(iflast shell, None, None)
[debug] > Exec(shell, None, None)
[info] sbt server started at local:///home/ryan/.sbt/1.0/server/521f54476d8de9544df8/sock
[debug] Writing bsp connection file
[info] started sbt server
